  [1m[36m (1256.3ms)[0m  [1mCREATE DATABASE "videoplayer_development" ENCODING = 'unicode'[0m
  [1m[36m (20.0ms)[0m  [1mCREATE TABLE "schema_migrations" ("version" character varying(255) NOT NULL) [0m
  [1m[35m (64.6ms)[0m  CREATE UNIQUE INDEX  "unique_schema_migrations" ON "schema_migrations"  ("version")
  [1m[36mActiveRecord::SchemaMigration Load (0.6ms)[0m  [1mSELECT "schema_migrations".* FROM "schema_migrations"[0m
  [1m[36mActiveRecord::SchemaMigration Load (0.7ms)[0m  [1mSELECT "schema_migrations".* FROM "schema_migrations"[0m
Migrating to CreateProducts (20150122153840)
  [1m[35m (0.1ms)[0m  BEGIN
  [1m[36m (128.4ms)[0m  [1mCREATE TABLE "products" ("id" serial primary key, "name" character varying(255), "price" integer, "description" character varying(255), "created_at" timestamp, "updated_at" timestamp) [0m
  [1m[35mSQL (0.5ms)[0m  INSERT INTO "schema_migrations" ("version") VALUES ($1)  [["version", "20150122153840"]]
  [1m[36m (15.4ms)[0m  [1mCOMMIT[0m
  [1m[35mActiveRecord::SchemaMigration Load (0.5ms)[0m  SELECT "schema_migrations".* FROM "schema_migrations"


Started GET "/" for 127.0.0.1 at 2015-01-22 21:09:40 +0530
  [1m[36mActiveRecord::SchemaMigration Load (0.5ms)[0m  [1mSELECT "schema_migrations".* FROM "schema_migrations"[0m
Processing by ProductsController#index as HTML
  [1m[35mProduct Load (0.9ms)[0m  SELECT "products".* FROM "products"
  Rendered products/index.html.erb within layouts/application (3.0ms)
Completed 200 OK in 787ms (Views: 776.0ms | ActiveRecord: 0.9ms)


Started GET "/assets/products.css?body=1" for 127.0.0.1 at 2015-01-22 21:09:41 +0530


Started GET "/assets/scaffolds.css?body=1" for 127.0.0.1 at 2015-01-22 21:09:41 +0530


Started GET "/assets/application.css?body=1" for 127.0.0.1 at 2015-01-22 21:09:41 +0530


Started GET "/assets/jquery.js?body=1" for 127.0.0.1 at 2015-01-22 21:09:41 +0530


Started GET "/assets/jquery_ujs.js?body=1" for 127.0.0.1 at 2015-01-22 21:09:41 +0530


Started GET "/assets/products.js?body=1" for 127.0.0.1 at 2015-01-22 21:09:42 +0530


Started GET "/assets/turbolinks.js?body=1" for 127.0.0.1 at 2015-01-22 21:09:42 +0530


Started GET "/assets/application.js?body=1" for 127.0.0.1 at 2015-01-22 21:09:42 +0530


Started GET "/products/new" for 127.0.0.1 at 2015-01-22 21:09:43 +0530
Processing by ProductsController#new as HTML
  Rendered products/_form.html.erb (41.2ms)
  Rendered products/new.html.erb within layouts/application (46.1ms)
Completed 200 OK in 122ms (Views: 116.3ms | ActiveRecord: 3.7ms)


Started POST "/products" for 127.0.0.1 at 2015-01-22 21:09:53 +0530
Processing by ProductsController#create as HTML
  Parameters: {"utf8"=>"✓", "authenticity_token"=>"IJ9/pk84Y3ekdzzeOdwZT4aIrMKslnsNgbfjHWvIfEY=", "product"=>{"name"=>"Laptops", "price"=>"1", "description"=>"ffff"}, "commit"=>"Create Product"}
  [1m[36m (0.2ms)[0m  [1mBEGIN[0m
  [1m[35mSQL (0.6ms)[0m  INSERT INTO "products" ("created_at", "description", "name", "price", "updated_at") VALUES ($1, $2, $3, $4, $5) RETURNING "id"  [["created_at", "2015-01-22 15:39:53.433833"], ["description", "ffff"], ["name", "Laptops"], ["price", 1], ["updated_at", "2015-01-22 15:39:53.433833"]]
  [1m[36m (54.7ms)[0m  [1mCOMMIT[0m
Redirected to http://0.0.0.0:3000/products/1
Completed 302 Found in 64ms (ActiveRecord: 55.6ms)


Started GET "/products/1" for 127.0.0.1 at 2015-01-22 21:09:53 +0530
Processing by ProductsController#show as HTML
  Parameters: {"id"=>"1"}
  [1m[35mProduct Load (0.6ms)[0m  SELECT  "products".* FROM "products"  WHERE "products"."id" = $1 LIMIT 1  [["id", 1]]
  Rendered products/show.html.erb within layouts/application (1.1ms)
Completed 200 OK in 44ms (Views: 38.9ms | ActiveRecord: 0.6ms)


Started GET "/assets/scaffolds.css?body=1" for 127.0.0.1 at 2015-01-22 21:09:53 +0530


Started GET "/assets/jquery.js?body=1" for 127.0.0.1 at 2015-01-22 21:09:53 +0530


Started GET "/assets/application.css?body=1" for 127.0.0.1 at 2015-01-22 21:09:53 +0530


Started GET "/assets/turbolinks.js?body=1" for 127.0.0.1 at 2015-01-22 21:09:53 +0530


Started GET "/assets/jquery_ujs.js?body=1" for 127.0.0.1 at 2015-01-22 21:09:53 +0530


Started GET "/assets/products.css?body=1" for 127.0.0.1 at 2015-01-22 21:09:53 +0530


Started GET "/assets/products.js?body=1" for 127.0.0.1 at 2015-01-22 21:09:53 +0530


Started GET "/assets/application.js?body=1" for 127.0.0.1 at 2015-01-22 21:09:53 +0530


Started GET "/products/1" for 127.0.0.1 at 2015-01-22 21:10:57 +0530
  [1m[36mActiveRecord::SchemaMigration Load (0.8ms)[0m  [1mSELECT "schema_migrations".* FROM "schema_migrations"[0m
Processing by ProductsController#show as HTML
  Parameters: {"id"=>"1"}
  [1m[35mProduct Load (0.7ms)[0m  SELECT  "products".* FROM "products"  WHERE "products"."id" = $1 LIMIT 1  [["id", 1]]
  Rendered products/show.html.erb within layouts/application (1.9ms)
Completed 200 OK in 94ms (Views: 69.9ms | ActiveRecord: 5.6ms)


Started GET "/products/" for 127.0.0.1 at 2015-01-22 21:11:01 +0530
Processing by ProductsController#index as HTML
  [1m[36mProduct Load (0.3ms)[0m  [1mSELECT "products".* FROM "products"[0m
  Rendered products/index.html.erb within layouts/application (2.8ms)
Completed 200 OK in 48ms (Views: 47.3ms | ActiveRecord: 0.3ms)


Started GET "/products/" for 127.0.0.1 at 2015-01-22 21:17:21 +0530
  [1m[36mActiveRecord::SchemaMigration Load (0.7ms)[0m  [1mSELECT "schema_migrations".* FROM "schema_migrations"[0m
Processing by ProductsController#index as HTML
  [1m[35mProduct Load (0.8ms)[0m  SELECT "products".* FROM "products"
  Rendered products/index.html.erb within layouts/application (13.6ms)
Completed 200 OK in 135ms (Views: 119.4ms | ActiveRecord: 4.4ms)


Started GET "/products/swfobject.js" for 127.0.0.1 at 2015-01-22 21:17:21 +0530
Processing by ProductsController#show as JS
  Parameters: {"id"=>"swfobject"}
  [1m[36mProduct Load (0.3ms)[0m  [1mSELECT  "products".* FROM "products"  WHERE "products"."id" = $1 LIMIT 1[0m  [["id", 0]]
Completed 404 Not Found in 4ms

ActiveRecord::RecordNotFound (Couldn't find Product with 'id'=swfobject):
  app/controllers/products_controller.rb:67:in `set_product'


  Rendered /usr/local/lib/ruby/gems/2.1.0/gems/actionpack-4.1.8/lib/action_dispatch/middleware/templates/rescues/_source.erb (1.4ms)
  Rendered /usr/local/lib/ruby/gems/2.1.0/gems/actionpack-4.1.8/lib/action_dispatch/middleware/templates/rescues/_trace.html.erb (1.2ms)
  Rendered /usr/local/lib/ruby/gems/2.1.0/gems/actionpack-4.1.8/lib/action_dispatch/middleware/templates/rescues/_request_and_response.html.erb (1.5ms)
  Rendered /usr/local/lib/ruby/gems/2.1.0/gems/actionpack-4.1.8/lib/action_dispatch/middleware/templates/rescues/diagnostics.erb within rescues/layout (20.5ms)


Started GET "/products/" for 127.0.0.1 at 2015-01-22 21:18:26 +0530
Processing by ProductsController#index as HTML
  [1m[35mProduct Load (0.4ms)[0m  SELECT "products".* FROM "products"
  Rendered products/index.html.erb within layouts/application (3.9ms)
Completed 200 OK in 84ms (Views: 82.7ms | ActiveRecord: 0.4ms)


Started GET "/products/" for 127.0.0.1 at 2015-01-22 21:18:32 +0530
  [1m[36mActiveRecord::SchemaMigration Load (0.6ms)[0m  [1mSELECT "schema_migrations".* FROM "schema_migrations"[0m
Processing by ProductsController#index as HTML
  [1m[35mProduct Load (0.9ms)[0m  SELECT "products".* FROM "products"
  Rendered products/index.html.erb within layouts/application (11.9ms)
Completed 200 OK in 115ms (Views: 100.3ms | ActiveRecord: 4.5ms)


Started GET "/products/" for 127.0.0.1 at 2015-01-22 21:20:27 +0530
  [1m[36mActiveRecord::SchemaMigration Load (0.6ms)[0m  [1mSELECT "schema_migrations".* FROM "schema_migrations"[0m
Processing by ProductsController#index as HTML
  [1m[35mProduct Load (0.7ms)[0m  SELECT "products".* FROM "products"
  Rendered products/index.html.erb within layouts/application (11.3ms)
Completed 200 OK in 112ms (Views: 96.5ms | ActiveRecord: 3.8ms)


Started GET "/products/" for 127.0.0.1 at 2015-01-22 21:20:29 +0530
Processing by ProductsController#index as HTML
  [1m[36mProduct Load (0.4ms)[0m  [1mSELECT "products".* FROM "products"[0m
  Rendered products/index.html.erb within layouts/application (2.1ms)
Completed 200 OK in 83ms (Views: 82.1ms | ActiveRecord: 0.4ms)


Started GET "/products/" for 127.0.0.1 at 2015-01-22 21:20:29 +0530
Processing by ProductsController#index as HTML
  [1m[35mProduct Load (0.3ms)[0m  SELECT "products".* FROM "products"
  Rendered products/index.html.erb within layouts/application (1.8ms)
Completed 200 OK in 60ms (Views: 59.0ms | ActiveRecord: 0.3ms)


Started GET "/" for 127.0.0.1 at 2015-01-22 21:20:32 +0530
Processing by ProductsController#index as HTML
  [1m[36mProduct Load (0.3ms)[0m  [1mSELECT "products".* FROM "products"[0m
  Rendered products/index.html.erb within layouts/application (1.7ms)
Completed 200 OK in 57ms (Views: 55.5ms | ActiveRecord: 0.3ms)


Started GET "/" for 127.0.0.1 at 2015-01-22 21:20:33 +0530
Processing by ProductsController#index as HTML
  [1m[35mProduct Load (0.3ms)[0m  SELECT "products".* FROM "products"
  Rendered products/index.html.erb within layouts/application (1.8ms)
Completed 200 OK in 69ms (Views: 67.7ms | ActiveRecord: 0.3ms)


Started GET "/" for 127.0.0.1 at 2015-01-22 21:21:17 +0530
Processing by ProductsController#index as HTML
  [1m[36mProduct Load (0.6ms)[0m  [1mSELECT "products".* FROM "products"[0m
  Rendered products/index.html.erb within layouts/application (11.9ms)
Completed 200 OK in 67ms (Views: 65.3ms | ActiveRecord: 0.6ms)

ActionController::RoutingError (No route matches [GET] "/assets/video.mp4"):
  actionpack (4.1.8) lib/action_dispatch/middleware/debug_exceptions.rb:21:in `call'
  actionpack (4.1.8) lib/action_dispatch/middleware/show_exceptions.rb:30:in `call'
  railties (4.1.8) lib/rails/rack/logger.rb:38:in `call_app'
  railties (4.1.8) lib/rails/rack/logger.rb:20:in `block in call'
  activesupport (4.1.8) lib/active_support/tagged_logging.rb:68:in `block in tagged'
  activesupport (4.1.8) lib/active_support/tagged_logging.rb:26:in `tagged'
  activesupport (4.1.8) lib/active_support/tagged_logging.rb:68:in `tagged'
  railties (4.1.8) lib/rails/rack/logger.rb:20:in `call'
  quiet_assets (1.1.0) lib/quiet_assets.rb:27:in `call_with_quiet_assets'
  actionpack (4.1.8) lib/action_dispatch/middleware/request_id.rb:21:in `call'
  rack (1.5.2) lib/rack/methodoverride.rb:21:in `call'
  rack (1.5.2) lib/rack/runtime.rb:17:in `call'
  activesupport (4.1.8) lib/active_support/cache/strategy/local_cache_middleware.rb:26:in `call'
  rack (1.5.2) lib/rack/lock.rb:17:in `call'
  actionpack (4.1.8) lib/action_dispatch/middleware/static.rb:84:in `call'
  rack (1.5.2) lib/rack/sendfile.rb:112:in `call'
  railties (4.1.8) lib/rails/engine.rb:514:in `call'
  railties (4.1.8) lib/rails/application.rb:144:in `call'
  rack (1.5.2) lib/rack/lock.rb:17:in `call'
  rack (1.5.2) lib/rack/content_length.rb:14:in `call'
  rack (1.5.2) lib/rack/handler/webrick.rb:60:in `service'
  /usr/local/lib/ruby/2.1.0/webrick/httpserver.rb:138:in `service'
  /usr/local/lib/ruby/2.1.0/webrick/httpserver.rb:94:in `run'
  /usr/local/lib/ruby/2.1.0/webrick/server.rb:295:in `block in start_thread'




Started GET "/" for 127.0.0.1 at 2015-01-22 21:22:12 +0530
Processing by ProductsController#index as HTML
  Rendered products/index.html.erb within layouts/application (7.1ms)
Completed 500 Internal Server Error in 11ms

ActionView::Template::Error (Asset filtered out and will not be served: add `Rails.application.config.assets.precompile += %w( jwplayer.js )` to `config/initializers/assets.rb` and restart your server):
    11: <video id="myElement"  controls="controls" preload="auto"   >Loading the player...</video>
    12: <script type="text/javascript">
    13:     jwplayer("myElement").setup({
    14:         flashplayer: "<%=asset_path('jwplayer')%>",
    15:         file: "http://127.0.0.1:3000/assets/video.mp4",
    16:         width: 640,
    17:         height: 360
  app/views/products/index.html.erb:14:in `_app_views_products_index_html_erb__265876962128514667_70256100595200'


  Rendered /usr/local/lib/ruby/gems/2.1.0/gems/actionpack-4.1.8/lib/action_dispatch/middleware/templates/rescues/_trace.html.erb (1.2ms)
  Rendered /usr/local/lib/ruby/gems/2.1.0/gems/actionpack-4.1.8/lib/action_dispatch/middleware/templates/rescues/_request_and_response.html.erb (1.0ms)
  Rendered /usr/local/lib/ruby/gems/2.1.0/gems/actionpack-4.1.8/lib/action_dispatch/middleware/templates/rescues/template_error.html.erb within rescues/layout (9.5ms)


Started GET "/" for 127.0.0.1 at 2015-01-22 21:23:31 +0530
Processing by ProductsController#index as HTML
  Rendered products/index.html.erb within layouts/application (0.7ms)
Completed 500 Internal Server Error in 2ms

ActionView::Template::Error (Asset filtered out and will not be served: add `Rails.application.config.assets.precompile += %w( jwplayer.js )` to `config/initializers/assets.rb` and restart your server):
    11: <video id="myElement"  controls="controls" preload="auto"   >Loading the player...</video>
    12: <script type="text/javascript">
    13:     jwplayer("myElement").setup({
    14:         flashplayer: "<%=asset_path('jwplayer')%>",
    15:         file: "http://127.0.0.1:3000/assets/video.mp4",
    16:         width: 640,
    17:         height: 360
  app/views/products/index.html.erb:14:in `_app_views_products_index_html_erb__265876962128514667_70256100595200'


  Rendered /usr/local/lib/ruby/gems/2.1.0/gems/actionpack-4.1.8/lib/action_dispatch/middleware/templates/rescues/_trace.html.erb (1.2ms)
  Rendered /usr/local/lib/ruby/gems/2.1.0/gems/actionpack-4.1.8/lib/action_dispatch/middleware/templates/rescues/_request_and_response.html.erb (0.9ms)
  Rendered /usr/local/lib/ruby/gems/2.1.0/gems/actionpack-4.1.8/lib/action_dispatch/middleware/templates/rescues/template_error.html.erb within rescues/layout (9.4ms)


Started GET "/" for 127.0.0.1 at 2015-01-22 21:23:32 +0530
Processing by ProductsController#index as HTML
  Rendered products/index.html.erb within layouts/application (1.0ms)
Completed 500 Internal Server Error in 4ms

ActionView::Template::Error (Asset filtered out and will not be served: add `Rails.application.config.assets.precompile += %w( jwplayer.js )` to `config/initializers/assets.rb` and restart your server):
    11: <video id="myElement"  controls="controls" preload="auto"   >Loading the player...</video>
    12: <script type="text/javascript">
    13:     jwplayer("myElement").setup({
    14:         flashplayer: "<%=asset_path('jwplayer')%>",
    15:         file: "http://127.0.0.1:3000/assets/video.mp4",
    16:         width: 640,
    17:         height: 360
  app/views/products/index.html.erb:14:in `_app_views_products_index_html_erb__265876962128514667_70256100595200'


  Rendered /usr/local/lib/ruby/gems/2.1.0/gems/actionpack-4.1.8/lib/action_dispatch/middleware/templates/rescues/_trace.html.erb (1.3ms)
  Rendered /usr/local/lib/ruby/gems/2.1.0/gems/actionpack-4.1.8/lib/action_dispatch/middleware/templates/rescues/_request_and_response.html.erb (1.0ms)
  Rendered /usr/local/lib/ruby/gems/2.1.0/gems/actionpack-4.1.8/lib/action_dispatch/middleware/templates/rescues/template_error.html.erb within rescues/layout (9.7ms)


Started GET "/" for 127.0.0.1 at 2015-01-22 21:23:32 +0530
Processing by ProductsController#index as HTML
  Rendered products/index.html.erb within layouts/application (0.8ms)
Completed 500 Internal Server Error in 3ms

ActionView::Template::Error (Asset filtered out and will not be served: add `Rails.application.config.assets.precompile += %w( jwplayer.js )` to `config/initializers/assets.rb` and restart your server):
    11: <video id="myElement"  controls="controls" preload="auto"   >Loading the player...</video>
    12: <script type="text/javascript">
    13:     jwplayer("myElement").setup({
    14:         flashplayer: "<%=asset_path('jwplayer')%>",
    15:         file: "http://127.0.0.1:3000/assets/video.mp4",
    16:         width: 640,
    17:         height: 360
  app/views/products/index.html.erb:14:in `_app_views_products_index_html_erb__265876962128514667_70256100595200'


  Rendered /usr/local/lib/ruby/gems/2.1.0/gems/actionpack-4.1.8/lib/action_dispatch/middleware/templates/rescues/_trace.html.erb (1.2ms)
  Rendered /usr/local/lib/ruby/gems/2.1.0/gems/actionpack-4.1.8/lib/action_dispatch/middleware/templates/rescues/_request_and_response.html.erb (1.2ms)
  Rendered /usr/local/lib/ruby/gems/2.1.0/gems/actionpack-4.1.8/lib/action_dispatch/middleware/templates/rescues/template_error.html.erb within rescues/layout (11.0ms)


Started GET "/" for 127.0.0.1 at 2015-01-22 21:23:39 +0530
  [1m[36mActiveRecord::SchemaMigration Load (0.5ms)[0m  [1mSELECT "schema_migrations".* FROM "schema_migrations"[0m
Processing by ProductsController#index as HTML
  Rendered products/index.html.erb within layouts/application (6.2ms)
Completed 500 Internal Server Error in 22ms

ActionView::Template::Error (Asset filtered out and will not be served: add `Rails.application.config.assets.precompile += %w( jwplayer.js )` to `config/initializers/assets.rb` and restart your server):
    11: <video id="myElement"  controls="controls" preload="auto"   >Loading the player...</video>
    12: <script type="text/javascript">
    13:     jwplayer("myElement").setup({
    14:         flashplayer: "<%=asset_path('jwplayer')%>",
    15:         file: "http://127.0.0.1:3000/assets/video.mp4",
    16:         width: 640,
    17:         height: 360
  app/views/products/index.html.erb:14:in `_app_views_products_index_html_erb___4280762121263413190_69866155463580'


  Rendered /usr/local/lib/ruby/gems/2.1.0/gems/actionpack-4.1.8/lib/action_dispatch/middleware/templates/rescues/_trace.html.erb (1.3ms)
  Rendered /usr/local/lib/ruby/gems/2.1.0/gems/actionpack-4.1.8/lib/action_dispatch/middleware/templates/rescues/_request_and_response.html.erb (9.2ms)
  Rendered /usr/local/lib/ruby/gems/2.1.0/gems/actionpack-4.1.8/lib/action_dispatch/middleware/templates/rescues/template_error.html.erb within rescues/layout (17.8ms)


Started GET "/" for 127.0.0.1 at 2015-01-22 21:23:40 +0530
Processing by ProductsController#index as HTML
  Rendered products/index.html.erb within layouts/application (1.3ms)
Completed 500 Internal Server Error in 5ms

ActionView::Template::Error (Asset filtered out and will not be served: add `Rails.application.config.assets.precompile += %w( jwplayer.js )` to `config/initializers/assets.rb` and restart your server):
    11: <video id="myElement"  controls="controls" preload="auto"   >Loading the player...</video>
    12: <script type="text/javascript">
    13:     jwplayer("myElement").setup({
    14:         flashplayer: "<%=asset_path('jwplayer')%>",
    15:         file: "http://127.0.0.1:3000/assets/video.mp4",
    16:         width: 640,
    17:         height: 360
  app/views/products/index.html.erb:14:in `_app_views_products_index_html_erb___4280762121263413190_69866155463580'


  Rendered /usr/local/lib/ruby/gems/2.1.0/gems/actionpack-4.1.8/lib/action_dispatch/middleware/templates/rescues/_trace.html.erb (1.3ms)
  Rendered /usr/local/lib/ruby/gems/2.1.0/gems/actionpack-4.1.8/lib/action_dispatch/middleware/templates/rescues/_request_and_response.html.erb (1.5ms)
  Rendered /usr/local/lib/ruby/gems/2.1.0/gems/actionpack-4.1.8/lib/action_dispatch/middleware/templates/rescues/template_error.html.erb within rescues/layout (10.8ms)


Started GET "/" for 127.0.0.1 at 2015-01-22 21:23:40 +0530
Processing by ProductsController#index as HTML
  Rendered products/index.html.erb within layouts/application (0.8ms)
Completed 500 Internal Server Error in 4ms

ActionView::Template::Error (Asset filtered out and will not be served: add `Rails.application.config.assets.precompile += %w( jwplayer.js )` to `config/initializers/assets.rb` and restart your server):
    11: <video id="myElement"  controls="controls" preload="auto"   >Loading the player...</video>
    12: <script type="text/javascript">
    13:     jwplayer("myElement").setup({
    14:         flashplayer: "<%=asset_path('jwplayer')%>",
    15:         file: "http://127.0.0.1:3000/assets/video.mp4",
    16:         width: 640,
    17:         height: 360
  app/views/products/index.html.erb:14:in `_app_views_products_index_html_erb___4280762121263413190_69866155463580'


  Rendered /usr/local/lib/ruby/gems/2.1.0/gems/actionpack-4.1.8/lib/action_dispatch/middleware/templates/rescues/_trace.html.erb (1.1ms)
  Rendered /usr/local/lib/ruby/gems/2.1.0/gems/actionpack-4.1.8/lib/action_dispatch/middleware/templates/rescues/_request_and_response.html.erb (1.4ms)
  Rendered /usr/local/lib/ruby/gems/2.1.0/gems/actionpack-4.1.8/lib/action_dispatch/middleware/templates/rescues/template_error.html.erb within rescues/layout (10.1ms)


Started GET "/" for 127.0.0.1 at 2015-01-22 21:23:41 +0530
Processing by ProductsController#index as HTML
  Rendered products/index.html.erb within layouts/application (0.7ms)
Completed 500 Internal Server Error in 2ms

ActionView::Template::Error (Asset filtered out and will not be served: add `Rails.application.config.assets.precompile += %w( jwplayer.js )` to `config/initializers/assets.rb` and restart your server):
    11: <video id="myElement"  controls="controls" preload="auto"   >Loading the player...</video>
    12: <script type="text/javascript">
    13:     jwplayer("myElement").setup({
    14:         flashplayer: "<%=asset_path('jwplayer')%>",
    15:         file: "http://127.0.0.1:3000/assets/video.mp4",
    16:         width: 640,
    17:         height: 360
  app/views/products/index.html.erb:14:in `_app_views_products_index_html_erb___4280762121263413190_69866155463580'


  Rendered /usr/local/lib/ruby/gems/2.1.0/gems/actionpack-4.1.8/lib/action_dispatch/middleware/templates/rescues/_trace.html.erb (1.2ms)
  Rendered /usr/local/lib/ruby/gems/2.1.0/gems/actionpack-4.1.8/lib/action_dispatch/middleware/templates/rescues/_request_and_response.html.erb (0.9ms)
  Rendered /usr/local/lib/ruby/gems/2.1.0/gems/actionpack-4.1.8/lib/action_dispatch/middleware/templates/rescues/template_error.html.erb within rescues/layout (9.8ms)


Started GET "/" for 127.0.0.1 at 2015-01-22 21:23:43 +0530
Processing by ProductsController#index as HTML
  Rendered products/index.html.erb within layouts/application (1.1ms)
Completed 500 Internal Server Error in 4ms

ActionView::Template::Error (Asset filtered out and will not be served: add `Rails.application.config.assets.precompile += %w( jwplayer.js )` to `config/initializers/assets.rb` and restart your server):
    11: <video id="myElement"  controls="controls" preload="auto"   >Loading the player...</video>
    12: <script type="text/javascript">
    13:     jwplayer("myElement").setup({
    14:         flashplayer: "<%=asset_path('jwplayer')%>",
    15:         file: "http://127.0.0.1:3000/assets/video.mp4",
    16:         width: 640,
    17:         height: 360
  app/views/products/index.html.erb:14:in `_app_views_products_index_html_erb___4280762121263413190_69866155463580'


  Rendered /usr/local/lib/ruby/gems/2.1.0/gems/actionpack-4.1.8/lib/action_dispatch/middleware/templates/rescues/_trace.html.erb (1.2ms)
  Rendered /usr/local/lib/ruby/gems/2.1.0/gems/actionpack-4.1.8/lib/action_dispatch/middleware/templates/rescues/_request_and_response.html.erb (4.5ms)
  Rendered /usr/local/lib/ruby/gems/2.1.0/gems/actionpack-4.1.8/lib/action_dispatch/middleware/templates/rescues/template_error.html.erb within rescues/layout (13.1ms)


Started GET "/" for 127.0.0.1 at 2015-01-22 21:23:57 +0530
Processing by ProductsController#index as HTML
  Rendered products/index.html.erb within layouts/application (1.2ms)
Completed 500 Internal Server Error in 4ms

ActionView::Template::Error (Asset filtered out and will not be served: add `Rails.application.config.assets.precompile += %w( jwplayer.js )` to `config/initializers/assets.rb` and restart your server):
    11: <video id="myElement"  controls="controls" preload="auto"   >Loading the player...</video>
    12: <script type="text/javascript">
    13:     jwplayer("myElement").setup({
    14:         flashplayer: "<%=asset_path('jwplayer')%>",
    15:         file: "http://127.0.0.1:3000/assets/video.mp4",
    16:         width: 640,
    17:         height: 360
  app/views/products/index.html.erb:14:in `_app_views_products_index_html_erb___4280762121263413190_69866155463580'


  Rendered /usr/local/lib/ruby/gems/2.1.0/gems/actionpack-4.1.8/lib/action_dispatch/middleware/templates/rescues/_trace.html.erb (1.1ms)
  Rendered /usr/local/lib/ruby/gems/2.1.0/gems/actionpack-4.1.8/lib/action_dispatch/middleware/templates/rescues/_request_and_response.html.erb (0.9ms)
  Rendered /usr/local/lib/ruby/gems/2.1.0/gems/actionpack-4.1.8/lib/action_dispatch/middleware/templates/rescues/template_error.html.erb within rescues/layout (9.2ms)


Started GET "/" for 127.0.0.1 at 2015-01-22 21:23:58 +0530
Processing by ProductsController#index as HTML
  Rendered products/index.html.erb within layouts/application (1.3ms)
Completed 500 Internal Server Error in 5ms

ActionView::Template::Error (Asset filtered out and will not be served: add `Rails.application.config.assets.precompile += %w( jwplayer.js )` to `config/initializers/assets.rb` and restart your server):
    11: <video id="myElement"  controls="controls" preload="auto"   >Loading the player...</video>
    12: <script type="text/javascript">
    13:     jwplayer("myElement").setup({
    14:         flashplayer: "<%=asset_path('jwplayer')%>",
    15:         file: "http://127.0.0.1:3000/assets/video.mp4",
    16:         width: 640,
    17:         height: 360
  app/views/products/index.html.erb:14:in `_app_views_products_index_html_erb___4280762121263413190_69866155463580'


  Rendered /usr/local/lib/ruby/gems/2.1.0/gems/actionpack-4.1.8/lib/action_dispatch/middleware/templates/rescues/_trace.html.erb (1.5ms)
  Rendered /usr/local/lib/ruby/gems/2.1.0/gems/actionpack-4.1.8/lib/action_dispatch/middleware/templates/rescues/_request_and_response.html.erb (0.9ms)
  Rendered /usr/local/lib/ruby/gems/2.1.0/gems/actionpack-4.1.8/lib/action_dispatch/middleware/templates/rescues/template_error.html.erb within rescues/layout (11.8ms)


Started GET "/" for 127.0.0.1 at 2015-01-22 21:23:58 +0530
Processing by ProductsController#index as HTML
  Rendered products/index.html.erb within layouts/application (0.8ms)
Completed 500 Internal Server Error in 3ms

ActionView::Template::Error (Asset filtered out and will not be served: add `Rails.application.config.assets.precompile += %w( jwplayer.js )` to `config/initializers/assets.rb` and restart your server):
    11: <video id="myElement"  controls="controls" preload="auto"   >Loading the player...</video>
    12: <script type="text/javascript">
    13:     jwplayer("myElement").setup({
    14:         flashplayer: "<%=asset_path('jwplayer')%>",
    15:         file: "http://127.0.0.1:3000/assets/video.mp4",
    16:         width: 640,
    17:         height: 360
  app/views/products/index.html.erb:14:in `_app_views_products_index_html_erb___4280762121263413190_69866155463580'


  Rendered /usr/local/lib/ruby/gems/2.1.0/gems/actionpack-4.1.8/lib/action_dispatch/middleware/templates/rescues/_trace.html.erb (1.3ms)
  Rendered /usr/local/lib/ruby/gems/2.1.0/gems/actionpack-4.1.8/lib/action_dispatch/middleware/templates/rescues/_request_and_response.html.erb (1.0ms)
  Rendered /usr/local/lib/ruby/gems/2.1.0/gems/actionpack-4.1.8/lib/action_dispatch/middleware/templates/rescues/template_error.html.erb within rescues/layout (9.8ms)


Started GET "/" for 127.0.0.1 at 2015-01-22 21:24:18 +0530
Processing by ProductsController#index as HTML
  Rendered products/index.html.erb within layouts/application (0.8ms)
Completed 500 Internal Server Error in 3ms

ActionView::Template::Error (Asset filtered out and will not be served: add `Rails.application.config.assets.precompile += %w( jwplayer.js )` to `config/initializers/assets.rb` and restart your server):
    11: <video id="myElement"  controls="controls" preload="auto"   >Loading the player...</video>
    12: <script type="text/javascript">
    13:     jwplayer("myElement").setup({
    14:         flashplayer: "<%=asset_path('jwplayer')%>",
    15:         file: "http://127.0.0.1:3000/assets/video.mp4",
    16:         width: 640,
    17:         height: 360
  app/views/products/index.html.erb:14:in `_app_views_products_index_html_erb___4280762121263413190_69866155463580'


  Rendered /usr/local/lib/ruby/gems/2.1.0/gems/actionpack-4.1.8/lib/action_dispatch/middleware/templates/rescues/_trace.html.erb (1.2ms)
  Rendered /usr/local/lib/ruby/gems/2.1.0/gems/actionpack-4.1.8/lib/action_dispatch/middleware/templates/rescues/_request_and_response.html.erb (0.9ms)
  Rendered /usr/local/lib/ruby/gems/2.1.0/gems/actionpack-4.1.8/lib/action_dispatch/middleware/templates/rescues/template_error.html.erb within rescues/layout (36.1ms)


Started GET "/" for 127.0.0.1 at 2015-01-22 21:24:19 +0530
Processing by ProductsController#index as HTML
  Rendered products/index.html.erb within layouts/application (0.7ms)
Completed 500 Internal Server Error in 4ms

ActionView::Template::Error (Asset filtered out and will not be served: add `Rails.application.config.assets.precompile += %w( jwplayer.js )` to `config/initializers/assets.rb` and restart your server):
    11: <video id="myElement"  controls="controls" preload="auto"   >Loading the player...</video>
    12: <script type="text/javascript">
    13:     jwplayer("myElement").setup({
    14:         flashplayer: "<%=asset_path('jwplayer')%>",
    15:         file: "http://127.0.0.1:3000/assets/video.mp4",
    16:         width: 640,
    17:         height: 360
  app/views/products/index.html.erb:14:in `_app_views_products_index_html_erb___4280762121263413190_69866155463580'


  Rendered /usr/local/lib/ruby/gems/2.1.0/gems/actionpack-4.1.8/lib/action_dispatch/middleware/templates/rescues/_trace.html.erb (1.2ms)
  Rendered /usr/local/lib/ruby/gems/2.1.0/gems/actionpack-4.1.8/lib/action_dispatch/middleware/templates/rescues/_request_and_response.html.erb (1.5ms)
  Rendered /usr/local/lib/ruby/gems/2.1.0/gems/actionpack-4.1.8/lib/action_dispatch/middleware/templates/rescues/template_error.html.erb within rescues/layout (10.4ms)


Started GET "/" for 127.0.0.1 at 2015-01-22 21:24:25 +0530
  [1m[36mActiveRecord::SchemaMigration Load (0.6ms)[0m  [1mSELECT "schema_migrations".* FROM "schema_migrations"[0m
Processing by ProductsController#index as HTML
  [1m[35mProduct Load (0.8ms)[0m  SELECT "products".* FROM "products"
  Rendered products/index.html.erb within layouts/application (15.6ms)
Completed 200 OK in 116ms (Views: 100.6ms | ActiveRecord: 4.2ms)

ActionController::RoutingError (No route matches [GET] "/assets/video.mp4"):
  actionpack (4.1.8) lib/action_dispatch/middleware/debug_exceptions.rb:21:in `call'
  actionpack (4.1.8) lib/action_dispatch/middleware/show_exceptions.rb:30:in `call'
  railties (4.1.8) lib/rails/rack/logger.rb:38:in `call_app'
  railties (4.1.8) lib/rails/rack/logger.rb:20:in `block in call'
  activesupport (4.1.8) lib/active_support/tagged_logging.rb:68:in `block in tagged'
  activesupport (4.1.8) lib/active_support/tagged_logging.rb:26:in `tagged'
  activesupport (4.1.8) lib/active_support/tagged_logging.rb:68:in `tagged'
  railties (4.1.8) lib/rails/rack/logger.rb:20:in `call'
  quiet_assets (1.1.0) lib/quiet_assets.rb:27:in `call_with_quiet_assets'
  actionpack (4.1.8) lib/action_dispatch/middleware/request_id.rb:21:in `call'
  rack (1.5.2) lib/rack/methodoverride.rb:21:in `call'
  rack (1.5.2) lib/rack/runtime.rb:17:in `call'
  activesupport (4.1.8) lib/active_support/cache/strategy/local_cache_middleware.rb:26:in `call'
  rack (1.5.2) lib/rack/lock.rb:17:in `call'
  actionpack (4.1.8) lib/action_dispatch/middleware/static.rb:84:in `call'
  rack (1.5.2) lib/rack/sendfile.rb:112:in `call'
  railties (4.1.8) lib/rails/engine.rb:514:in `call'
  railties (4.1.8) lib/rails/application.rb:144:in `call'
  rack (1.5.2) lib/rack/lock.rb:17:in `call'
  rack (1.5.2) lib/rack/content_length.rb:14:in `call'
  rack (1.5.2) lib/rack/handler/webrick.rb:60:in `service'
  /usr/local/lib/ruby/2.1.0/webrick/httpserver.rb:138:in `service'
  /usr/local/lib/ruby/2.1.0/webrick/httpserver.rb:94:in `run'
  /usr/local/lib/ruby/2.1.0/webrick/server.rb:295:in `block in start_thread'




Started GET "/" for 127.0.0.1 at 2015-01-22 21:24:59 +0530
Processing by ProductsController#index as HTML
  [1m[36mProduct Load (0.4ms)[0m  [1mSELECT "products".* FROM "products"[0m
  Rendered products/index.html.erb within layouts/application (3.2ms)
Completed 200 OK in 59ms (Views: 58.2ms | ActiveRecord: 0.4ms)

ActionController::RoutingError (No route matches [GET] "/assets/video.mp4"):
  actionpack (4.1.8) lib/action_dispatch/middleware/debug_exceptions.rb:21:in `call'
  actionpack (4.1.8) lib/action_dispatch/middleware/show_exceptions.rb:30:in `call'
  railties (4.1.8) lib/rails/rack/logger.rb:38:in `call_app'
  railties (4.1.8) lib/rails/rack/logger.rb:20:in `block in call'
  activesupport (4.1.8) lib/active_support/tagged_logging.rb:68:in `block in tagged'
  activesupport (4.1.8) lib/active_support/tagged_logging.rb:26:in `tagged'
  activesupport (4.1.8) lib/active_support/tagged_logging.rb:68:in `tagged'
  railties (4.1.8) lib/rails/rack/logger.rb:20:in `call'
  quiet_assets (1.1.0) lib/quiet_assets.rb:27:in `call_with_quiet_assets'
  actionpack (4.1.8) lib/action_dispatch/middleware/request_id.rb:21:in `call'
  rack (1.5.2) lib/rack/methodoverride.rb:21:in `call'
  rack (1.5.2) lib/rack/runtime.rb:17:in `call'
  activesupport (4.1.8) lib/active_support/cache/strategy/local_cache_middleware.rb:26:in `call'
  rack (1.5.2) lib/rack/lock.rb:17:in `call'
  actionpack (4.1.8) lib/action_dispatch/middleware/static.rb:84:in `call'
  rack (1.5.2) lib/rack/sendfile.rb:112:in `call'
  railties (4.1.8) lib/rails/engine.rb:514:in `call'
  railties (4.1.8) lib/rails/application.rb:144:in `call'
  rack (1.5.2) lib/rack/lock.rb:17:in `call'
  rack (1.5.2) lib/rack/content_length.rb:14:in `call'
  rack (1.5.2) lib/rack/handler/webrick.rb:60:in `service'
  /usr/local/lib/ruby/2.1.0/webrick/httpserver.rb:138:in `service'
  /usr/local/lib/ruby/2.1.0/webrick/httpserver.rb:94:in `run'
  /usr/local/lib/ruby/2.1.0/webrick/server.rb:295:in `block in start_thread'




Started GET "/" for 127.0.0.1 at 2015-01-22 21:25:43 +0530
Processing by ProductsController#index as HTML
  [1m[35mProduct Load (0.5ms)[0m  SELECT "products".* FROM "products"
  Rendered products/index.html.erb within layouts/application (2.8ms)
Completed 200 OK in 66ms (Views: 64.6ms | ActiveRecord: 0.5ms)

ActionController::RoutingError (No route matches [GET] "/assets/video.mp4"):
  actionpack (4.1.8) lib/action_dispatch/middleware/debug_exceptions.rb:21:in `call'
  actionpack (4.1.8) lib/action_dispatch/middleware/show_exceptions.rb:30:in `call'
  railties (4.1.8) lib/rails/rack/logger.rb:38:in `call_app'
  railties (4.1.8) lib/rails/rack/logger.rb:20:in `block in call'
  activesupport (4.1.8) lib/active_support/tagged_logging.rb:68:in `block in tagged'
  activesupport (4.1.8) lib/active_support/tagged_logging.rb:26:in `tagged'
  activesupport (4.1.8) lib/active_support/tagged_logging.rb:68:in `tagged'
  railties (4.1.8) lib/rails/rack/logger.rb:20:in `call'
  quiet_assets (1.1.0) lib/quiet_assets.rb:27:in `call_with_quiet_assets'
  actionpack (4.1.8) lib/action_dispatch/middleware/request_id.rb:21:in `call'
  rack (1.5.2) lib/rack/methodoverride.rb:21:in `call'
  rack (1.5.2) lib/rack/runtime.rb:17:in `call'
  activesupport (4.1.8) lib/active_support/cache/strategy/local_cache_middleware.rb:26:in `call'
  rack (1.5.2) lib/rack/lock.rb:17:in `call'
  actionpack (4.1.8) lib/action_dispatch/middleware/static.rb:84:in `call'
  rack (1.5.2) lib/rack/sendfile.rb:112:in `call'
  railties (4.1.8) lib/rails/engine.rb:514:in `call'
  railties (4.1.8) lib/rails/application.rb:144:in `call'
  rack (1.5.2) lib/rack/lock.rb:17:in `call'
  rack (1.5.2) lib/rack/content_length.rb:14:in `call'
  rack (1.5.2) lib/rack/handler/webrick.rb:60:in `service'
  /usr/local/lib/ruby/2.1.0/webrick/httpserver.rb:138:in `service'
  /usr/local/lib/ruby/2.1.0/webrick/httpserver.rb:94:in `run'
  /usr/local/lib/ruby/2.1.0/webrick/server.rb:295:in `block in start_thread'




Started GET "/" for 127.0.0.1 at 2015-01-22 21:26:56 +0530
Processing by ProductsController#index as HTML
  [1m[36mProduct Load (0.5ms)[0m  [1mSELECT "products".* FROM "products"[0m
  Rendered products/index.html.erb within layouts/application (14.0ms)
Completed 500 Internal Server Error in 17ms

ActionView::Template::Error (undefined local variable or method `jwplayer_assets' for #<#<Class:0x007f58ba133a48>:0x007f58bb16c040>):
    1: <%= jwplayer_assets %>
    2: <div id="myElement">Loading the player...</div>
    3: <script>
    4:     jwplayer("myElement").setup({
  app/views/products/index.html.erb:1:in `_app_views_products_index_html_erb__3895340627439247391_70009536328060'


  Rendered /usr/local/lib/ruby/gems/2.1.0/gems/actionpack-4.1.8/lib/action_dispatch/middleware/templates/rescues/_trace.html.erb (1.3ms)
  Rendered /usr/local/lib/ruby/gems/2.1.0/gems/actionpack-4.1.8/lib/action_dispatch/middleware/templates/rescues/_request_and_response.html.erb (1.0ms)
  Rendered /usr/local/lib/ruby/gems/2.1.0/gems/actionpack-4.1.8/lib/action_dispatch/middleware/templates/rescues/template_error.html.erb within rescues/layout (9.9ms)


Started GET "/" for 127.0.0.1 at 2015-01-22 21:27:14 +0530
Processing by ProductsController#index as HTML
  [1m[35mProduct Load (0.4ms)[0m  SELECT "products".* FROM "products"
  Rendered products/index.html.erb within layouts/application (3.5ms)
Completed 200 OK in 73ms (Views: 71.1ms | ActiveRecord: 0.4ms)

ActionController::RoutingError (No route matches [GET] "/assets/images/unnamed.png"):
  actionpack (4.1.8) lib/action_dispatch/middleware/debug_exceptions.rb:21:in `call'
  actionpack (4.1.8) lib/action_dispatch/middleware/show_exceptions.rb:30:in `call'
  railties (4.1.8) lib/rails/rack/logger.rb:38:in `call_app'
  railties (4.1.8) lib/rails/rack/logger.rb:20:in `block in call'
  activesupport (4.1.8) lib/active_support/tagged_logging.rb:68:in `block in tagged'
  activesupport (4.1.8) lib/active_support/tagged_logging.rb:26:in `tagged'
  activesupport (4.1.8) lib/active_support/tagged_logging.rb:68:in `tagged'
  railties (4.1.8) lib/rails/rack/logger.rb:20:in `call'
  quiet_assets (1.1.0) lib/quiet_assets.rb:27:in `call_with_quiet_assets'
  actionpack (4.1.8) lib/action_dispatch/middleware/request_id.rb:21:in `call'
  rack (1.5.2) lib/rack/methodoverride.rb:21:in `call'
  rack (1.5.2) lib/rack/runtime.rb:17:in `call'
  activesupport (4.1.8) lib/active_support/cache/strategy/local_cache_middleware.rb:26:in `call'
  rack (1.5.2) lib/rack/lock.rb:17:in `call'
  actionpack (4.1.8) lib/action_dispatch/middleware/static.rb:84:in `call'
  rack (1.5.2) lib/rack/sendfile.rb:112:in `call'
  railties (4.1.8) lib/rails/engine.rb:514:in `call'
  railties (4.1.8) lib/rails/application.rb:144:in `call'
  rack (1.5.2) lib/rack/lock.rb:17:in `call'
  rack (1.5.2) lib/rack/content_length.rb:14:in `call'
  rack (1.5.2) lib/rack/handler/webrick.rb:60:in `service'
  /usr/local/lib/ruby/2.1.0/webrick/httpserver.rb:138:in `service'
  /usr/local/lib/ruby/2.1.0/webrick/httpserver.rb:94:in `run'
  /usr/local/lib/ruby/2.1.0/webrick/server.rb:295:in `block in start_thread'



ActionController::RoutingError (No route matches [GET] "/assets/images/unnamed.png"):
  actionpack (4.1.8) lib/action_dispatch/middleware/debug_exceptions.rb:21:in `call'
  actionpack (4.1.8) lib/action_dispatch/middleware/show_exceptions.rb:30:in `call'
  railties (4.1.8) lib/rails/rack/logger.rb:38:in `call_app'
  railties (4.1.8) lib/rails/rack/logger.rb:20:in `block in call'
  activesupport (4.1.8) lib/active_support/tagged_logging.rb:68:in `block in tagged'
  activesupport (4.1.8) lib/active_support/tagged_logging.rb:26:in `tagged'
  activesupport (4.1.8) lib/active_support/tagged_logging.rb:68:in `tagged'
  railties (4.1.8) lib/rails/rack/logger.rb:20:in `call'
  quiet_assets (1.1.0) lib/quiet_assets.rb:27:in `call_with_quiet_assets'
  actionpack (4.1.8) lib/action_dispatch/middleware/request_id.rb:21:in `call'
  rack (1.5.2) lib/rack/methodoverride.rb:21:in `call'
  rack (1.5.2) lib/rack/runtime.rb:17:in `call'
  activesupport (4.1.8) lib/active_support/cache/strategy/local_cache_middleware.rb:26:in `call'
  rack (1.5.2) lib/rack/lock.rb:17:in `call'
  actionpack (4.1.8) lib/action_dispatch/middleware/static.rb:84:in `call'
  rack (1.5.2) lib/rack/sendfile.rb:112:in `call'
  railties (4.1.8) lib/rails/engine.rb:514:in `call'
  railties (4.1.8) lib/rails/application.rb:144:in `call'
  rack (1.5.2) lib/rack/lock.rb:17:in `call'
  rack (1.5.2) lib/rack/content_length.rb:14:in `call'
  rack (1.5.2) lib/rack/handler/webrick.rb:60:in `service'
  /usr/local/lib/ruby/2.1.0/webrick/httpserver.rb:138:in `service'
  /usr/local/lib/ruby/2.1.0/webrick/httpserver.rb:94:in `run'
  /usr/local/lib/ruby/2.1.0/webrick/server.rb:295:in `block in start_thread'



ActionController::RoutingError (No route matches [GET] "/assets/video.mp4"):
  actionpack (4.1.8) lib/action_dispatch/middleware/debug_exceptions.rb:21:in `call'
  actionpack (4.1.8) lib/action_dispatch/middleware/show_exceptions.rb:30:in `call'
  railties (4.1.8) lib/rails/rack/logger.rb:38:in `call_app'
  railties (4.1.8) lib/rails/rack/logger.rb:20:in `block in call'
  activesupport (4.1.8) lib/active_support/tagged_logging.rb:68:in `block in tagged'
  activesupport (4.1.8) lib/active_support/tagged_logging.rb:26:in `tagged'
  activesupport (4.1.8) lib/active_support/tagged_logging.rb:68:in `tagged'
  railties (4.1.8) lib/rails/rack/logger.rb:20:in `call'
  quiet_assets (1.1.0) lib/quiet_assets.rb:27:in `call_with_quiet_assets'
  actionpack (4.1.8) lib/action_dispatch/middleware/request_id.rb:21:in `call'
  rack (1.5.2) lib/rack/methodoverride.rb:21:in `call'
  rack (1.5.2) lib/rack/runtime.rb:17:in `call'
  activesupport (4.1.8) lib/active_support/cache/strategy/local_cache_middleware.rb:26:in `call'
  rack (1.5.2) lib/rack/lock.rb:17:in `call'
  actionpack (4.1.8) lib/action_dispatch/middleware/static.rb:84:in `call'
  rack (1.5.2) lib/rack/sendfile.rb:112:in `call'
  railties (4.1.8) lib/rails/engine.rb:514:in `call'
  railties (4.1.8) lib/rails/application.rb:144:in `call'
  rack (1.5.2) lib/rack/lock.rb:17:in `call'
  rack (1.5.2) lib/rack/content_length.rb:14:in `call'
  rack (1.5.2) lib/rack/handler/webrick.rb:60:in `service'
  /usr/local/lib/ruby/2.1.0/webrick/httpserver.rb:138:in `service'
  /usr/local/lib/ruby/2.1.0/webrick/httpserver.rb:94:in `run'
  /usr/local/lib/ruby/2.1.0/webrick/server.rb:295:in `block in start_thread'




Started GET "/" for 127.0.0.1 at 2015-01-22 21:28:38 +0530
  [1m[36mActiveRecord::SchemaMigration Load (0.7ms)[0m  [1mSELECT "schema_migrations".* FROM "schema_migrations"[0m
Processing by ProductsController#index as HTML
  [1m[35mProduct Load (0.9ms)[0m  SELECT "products".* FROM "products"
  Rendered products/index.html.erb within layouts/application (15.6ms)
Completed 200 OK in 121ms (Views: 106.3ms | ActiveRecord: 4.4ms)

ActionController::RoutingError (No route matches [GET] "/assets/video.mp4"):
  actionpack (4.1.8) lib/action_dispatch/middleware/debug_exceptions.rb:21:in `call'
  actionpack (4.1.8) lib/action_dispatch/middleware/show_exceptions.rb:30:in `call'
  railties (4.1.8) lib/rails/rack/logger.rb:38:in `call_app'
  railties (4.1.8) lib/rails/rack/logger.rb:20:in `block in call'
  activesupport (4.1.8) lib/active_support/tagged_logging.rb:68:in `block in tagged'
  activesupport (4.1.8) lib/active_support/tagged_logging.rb:26:in `tagged'
  activesupport (4.1.8) lib/active_support/tagged_logging.rb:68:in `tagged'
  railties (4.1.8) lib/rails/rack/logger.rb:20:in `call'
  quiet_assets (1.1.0) lib/quiet_assets.rb:27:in `call_with_quiet_assets'
  actionpack (4.1.8) lib/action_dispatch/middleware/request_id.rb:21:in `call'
  rack (1.5.2) lib/rack/methodoverride.rb:21:in `call'
  rack (1.5.2) lib/rack/runtime.rb:17:in `call'
  activesupport (4.1.8) lib/active_support/cache/strategy/local_cache_middleware.rb:26:in `call'
  rack (1.5.2) lib/rack/lock.rb:17:in `call'
  actionpack (4.1.8) lib/action_dispatch/middleware/static.rb:84:in `call'
  rack (1.5.2) lib/rack/sendfile.rb:112:in `call'
  railties (4.1.8) lib/rails/engine.rb:514:in `call'
  railties (4.1.8) lib/rails/application.rb:144:in `call'
  rack (1.5.2) lib/rack/lock.rb:17:in `call'
  rack (1.5.2) lib/rack/content_length.rb:14:in `call'
  rack (1.5.2) lib/rack/handler/webrick.rb:60:in `service'
  /usr/local/lib/ruby/2.1.0/webrick/httpserver.rb:138:in `service'
  /usr/local/lib/ruby/2.1.0/webrick/httpserver.rb:94:in `run'
  /usr/local/lib/ruby/2.1.0/webrick/server.rb:295:in `block in start_thread'




Started GET "/" for 127.0.0.1 at 2015-01-22 21:29:41 +0530
Processing by ProductsController#index as HTML
  [1m[36mProduct Load (0.4ms)[0m  [1mSELECT "products".* FROM "products"[0m
  Rendered products/index.html.erb within layouts/application (2.3ms)
Completed 200 OK in 62ms (Views: 60.9ms | ActiveRecord: 0.4ms)

ActionController::RoutingError (No route matches [GET] "/assets/video.mp4"):
  actionpack (4.1.8) lib/action_dispatch/middleware/debug_exceptions.rb:21:in `call'
  actionpack (4.1.8) lib/action_dispatch/middleware/show_exceptions.rb:30:in `call'
  railties (4.1.8) lib/rails/rack/logger.rb:38:in `call_app'
  railties (4.1.8) lib/rails/rack/logger.rb:20:in `block in call'
  activesupport (4.1.8) lib/active_support/tagged_logging.rb:68:in `block in tagged'
  activesupport (4.1.8) lib/active_support/tagged_logging.rb:26:in `tagged'
  activesupport (4.1.8) lib/active_support/tagged_logging.rb:68:in `tagged'
  railties (4.1.8) lib/rails/rack/logger.rb:20:in `call'
  quiet_assets (1.1.0) lib/quiet_assets.rb:27:in `call_with_quiet_assets'
  actionpack (4.1.8) lib/action_dispatch/middleware/request_id.rb:21:in `call'
  rack (1.5.2) lib/rack/methodoverride.rb:21:in `call'
  rack (1.5.2) lib/rack/runtime.rb:17:in `call'
  activesupport (4.1.8) lib/active_support/cache/strategy/local_cache_middleware.rb:26:in `call'
  rack (1.5.2) lib/rack/lock.rb:17:in `call'
  actionpack (4.1.8) lib/action_dispatch/middleware/static.rb:84:in `call'
  rack (1.5.2) lib/rack/sendfile.rb:112:in `call'
  railties (4.1.8) lib/rails/engine.rb:514:in `call'
  railties (4.1.8) lib/rails/application.rb:144:in `call'
  rack (1.5.2) lib/rack/lock.rb:17:in `call'
  rack (1.5.2) lib/rack/content_length.rb:14:in `call'
  rack (1.5.2) lib/rack/handler/webrick.rb:60:in `service'
  /usr/local/lib/ruby/2.1.0/webrick/httpserver.rb:138:in `service'
  /usr/local/lib/ruby/2.1.0/webrick/httpserver.rb:94:in `run'
  /usr/local/lib/ruby/2.1.0/webrick/server.rb:295:in `block in start_thread'




Started GET "/" for 127.0.0.1 at 2015-01-22 21:30:03 +0530
Processing by ProductsController#index as HTML
  [1m[35mProduct Load (0.4ms)[0m  SELECT "products".* FROM "products"
  Rendered products/index.html.erb within layouts/application (1.8ms)
Completed 200 OK in 68ms (Views: 66.7ms | ActiveRecord: 0.4ms)

ActionController::RoutingError (No route matches [GET] "/assets/video.mp4"):
  actionpack (4.1.8) lib/action_dispatch/middleware/debug_exceptions.rb:21:in `call'
  actionpack (4.1.8) lib/action_dispatch/middleware/show_exceptions.rb:30:in `call'
  railties (4.1.8) lib/rails/rack/logger.rb:38:in `call_app'
  railties (4.1.8) lib/rails/rack/logger.rb:20:in `block in call'
  activesupport (4.1.8) lib/active_support/tagged_logging.rb:68:in `block in tagged'
  activesupport (4.1.8) lib/active_support/tagged_logging.rb:26:in `tagged'
  activesupport (4.1.8) lib/active_support/tagged_logging.rb:68:in `tagged'
  railties (4.1.8) lib/rails/rack/logger.rb:20:in `call'
  quiet_assets (1.1.0) lib/quiet_assets.rb:27:in `call_with_quiet_assets'
  actionpack (4.1.8) lib/action_dispatch/middleware/request_id.rb:21:in `call'
  rack (1.5.2) lib/rack/methodoverride.rb:21:in `call'
  rack (1.5.2) lib/rack/runtime.rb:17:in `call'
  activesupport (4.1.8) lib/active_support/cache/strategy/local_cache_middleware.rb:26:in `call'
  rack (1.5.2) lib/rack/lock.rb:17:in `call'
  actionpack (4.1.8) lib/action_dispatch/middleware/static.rb:84:in `call'
  rack (1.5.2) lib/rack/sendfile.rb:112:in `call'
  railties (4.1.8) lib/rails/engine.rb:514:in `call'
  railties (4.1.8) lib/rails/application.rb:144:in `call'
  rack (1.5.2) lib/rack/lock.rb:17:in `call'
  rack (1.5.2) lib/rack/content_length.rb:14:in `call'
  rack (1.5.2) lib/rack/handler/webrick.rb:60:in `service'
  /usr/local/lib/ruby/2.1.0/webrick/httpserver.rb:138:in `service'
  /usr/local/lib/ruby/2.1.0/webrick/httpserver.rb:94:in `run'
  /usr/local/lib/ruby/2.1.0/webrick/server.rb:295:in `block in start_thread'




Started GET "/" for 127.0.0.1 at 2015-01-22 21:30:13 +0530
  [1m[36mActiveRecord::SchemaMigration Load (0.6ms)[0m  [1mSELECT "schema_migrations".* FROM "schema_migrations"[0m
Processing by ProductsController#index as HTML
  [1m[35mProduct Load (1.0ms)[0m  SELECT "products".* FROM "products"
  Rendered products/index.html.erb within layouts/application (12.1ms)
Completed 200 OK in 118ms (Views: 103.4ms | ActiveRecord: 4.6ms)

ActionController::RoutingError (No route matches [GET] "/assets/video.mp4"):
  actionpack (4.1.8) lib/action_dispatch/middleware/debug_exceptions.rb:21:in `call'
  actionpack (4.1.8) lib/action_dispatch/middleware/show_exceptions.rb:30:in `call'
  railties (4.1.8) lib/rails/rack/logger.rb:38:in `call_app'
  railties (4.1.8) lib/rails/rack/logger.rb:20:in `block in call'
  activesupport (4.1.8) lib/active_support/tagged_logging.rb:68:in `block in tagged'
  activesupport (4.1.8) lib/active_support/tagged_logging.rb:26:in `tagged'
  activesupport (4.1.8) lib/active_support/tagged_logging.rb:68:in `tagged'
  railties (4.1.8) lib/rails/rack/logger.rb:20:in `call'
  quiet_assets (1.1.0) lib/quiet_assets.rb:27:in `call_with_quiet_assets'
  actionpack (4.1.8) lib/action_dispatch/middleware/request_id.rb:21:in `call'
  rack (1.5.2) lib/rack/methodoverride.rb:21:in `call'
  rack (1.5.2) lib/rack/runtime.rb:17:in `call'
  activesupport (4.1.8) lib/active_support/cache/strategy/local_cache_middleware.rb:26:in `call'
  rack (1.5.2) lib/rack/lock.rb:17:in `call'
  actionpack (4.1.8) lib/action_dispatch/middleware/static.rb:84:in `call'
  rack (1.5.2) lib/rack/sendfile.rb:112:in `call'
  railties (4.1.8) lib/rails/engine.rb:514:in `call'
  railties (4.1.8) lib/rails/application.rb:144:in `call'
  rack (1.5.2) lib/rack/lock.rb:17:in `call'
  rack (1.5.2) lib/rack/content_length.rb:14:in `call'
  rack (1.5.2) lib/rack/handler/webrick.rb:60:in `service'
  /usr/local/lib/ruby/2.1.0/webrick/httpserver.rb:138:in `service'
  /usr/local/lib/ruby/2.1.0/webrick/httpserver.rb:94:in `run'
  /usr/local/lib/ruby/2.1.0/webrick/server.rb:295:in `block in start_thread'




Started GET "/" for 127.0.0.1 at 2015-01-22 21:30:53 +0530
Processing by ProductsController#index as HTML
  [1m[36mProduct Load (0.4ms)[0m  [1mSELECT "products".* FROM "products"[0m
  Rendered products/index.html.erb within layouts/application (2.5ms)
Completed 200 OK in 69ms (Views: 67.7ms | ActiveRecord: 0.4ms)

ActionController::RoutingError (No route matches [GET] "/assets/video.mp4"):
  actionpack (4.1.8) lib/action_dispatch/middleware/debug_exceptions.rb:21:in `call'
  actionpack (4.1.8) lib/action_dispatch/middleware/show_exceptions.rb:30:in `call'
  railties (4.1.8) lib/rails/rack/logger.rb:38:in `call_app'
  railties (4.1.8) lib/rails/rack/logger.rb:20:in `block in call'
  activesupport (4.1.8) lib/active_support/tagged_logging.rb:68:in `block in tagged'
  activesupport (4.1.8) lib/active_support/tagged_logging.rb:26:in `tagged'
  activesupport (4.1.8) lib/active_support/tagged_logging.rb:68:in `tagged'
  railties (4.1.8) lib/rails/rack/logger.rb:20:in `call'
  quiet_assets (1.1.0) lib/quiet_assets.rb:27:in `call_with_quiet_assets'
  actionpack (4.1.8) lib/action_dispatch/middleware/request_id.rb:21:in `call'
  rack (1.5.2) lib/rack/methodoverride.rb:21:in `call'
  rack (1.5.2) lib/rack/runtime.rb:17:in `call'
  activesupport (4.1.8) lib/active_support/cache/strategy/local_cache_middleware.rb:26:in `call'
  rack (1.5.2) lib/rack/lock.rb:17:in `call'
  actionpack (4.1.8) lib/action_dispatch/middleware/static.rb:84:in `call'
  rack (1.5.2) lib/rack/sendfile.rb:112:in `call'
  railties (4.1.8) lib/rails/engine.rb:514:in `call'
  railties (4.1.8) lib/rails/application.rb:144:in `call'
  rack (1.5.2) lib/rack/lock.rb:17:in `call'
  rack (1.5.2) lib/rack/content_length.rb:14:in `call'
  rack (1.5.2) lib/rack/handler/webrick.rb:60:in `service'
  /usr/local/lib/ruby/2.1.0/webrick/httpserver.rb:138:in `service'
  /usr/local/lib/ruby/2.1.0/webrick/httpserver.rb:94:in `run'
  /usr/local/lib/ruby/2.1.0/webrick/server.rb:295:in `block in start_thread'




Started GET "/" for 127.0.0.1 at 2015-01-22 21:31:15 +0530
  [1m[36mActiveRecord::SchemaMigration Load (0.8ms)[0m  [1mSELECT "schema_migrations".* FROM "schema_migrations"[0m
Processing by ProductsController#index as HTML
  [1m[35mProduct Load (0.8ms)[0m  SELECT "products".* FROM "products"
  Rendered products/index.html.erb within layouts/application (11.6ms)
Completed 200 OK in 127ms (Views: 112.5ms | ActiveRecord: 4.2ms)

ActionController::RoutingError (No route matches [GET] "/assets/video.mp4"):
  actionpack (4.1.8) lib/action_dispatch/middleware/debug_exceptions.rb:21:in `call'
  actionpack (4.1.8) lib/action_dispatch/middleware/show_exceptions.rb:30:in `call'
  railties (4.1.8) lib/rails/rack/logger.rb:38:in `call_app'
  railties (4.1.8) lib/rails/rack/logger.rb:20:in `block in call'
  activesupport (4.1.8) lib/active_support/tagged_logging.rb:68:in `block in tagged'
  activesupport (4.1.8) lib/active_support/tagged_logging.rb:26:in `tagged'
  activesupport (4.1.8) lib/active_support/tagged_logging.rb:68:in `tagged'
  railties (4.1.8) lib/rails/rack/logger.rb:20:in `call'
  quiet_assets (1.1.0) lib/quiet_assets.rb:27:in `call_with_quiet_assets'
  actionpack (4.1.8) lib/action_dispatch/middleware/request_id.rb:21:in `call'
  rack (1.5.2) lib/rack/methodoverride.rb:21:in `call'
  rack (1.5.2) lib/rack/runtime.rb:17:in `call'
  activesupport (4.1.8) lib/active_support/cache/strategy/local_cache_middleware.rb:26:in `call'
  rack (1.5.2) lib/rack/lock.rb:17:in `call'
  actionpack (4.1.8) lib/action_dispatch/middleware/static.rb:84:in `call'
  rack (1.5.2) lib/rack/sendfile.rb:112:in `call'
  railties (4.1.8) lib/rails/engine.rb:514:in `call'
  railties (4.1.8) lib/rails/application.rb:144:in `call'
  rack (1.5.2) lib/rack/lock.rb:17:in `call'
  rack (1.5.2) lib/rack/content_length.rb:14:in `call'
  rack (1.5.2) lib/rack/handler/webrick.rb:60:in `service'
  /usr/local/lib/ruby/2.1.0/webrick/httpserver.rb:138:in `service'
  /usr/local/lib/ruby/2.1.0/webrick/httpserver.rb:94:in `run'
  /usr/local/lib/ruby/2.1.0/webrick/server.rb:295:in `block in start_thread'




Started GET "/" for 127.0.0.1 at 2015-01-22 21:32:16 +0530
Processing by ProductsController#index as HTML
  [1m[36mProduct Load (0.5ms)[0m  [1mSELECT "products".* FROM "products"[0m
  Rendered products/index.html.erb within layouts/application (3.3ms)
Completed 200 OK in 82ms (Views: 80.5ms | ActiveRecord: 0.5ms)

ActionController::RoutingError (No route matches [GET] "/assets/video.mp4"):
  actionpack (4.1.8) lib/action_dispatch/middleware/debug_exceptions.rb:21:in `call'
  actionpack (4.1.8) lib/action_dispatch/middleware/show_exceptions.rb:30:in `call'
  railties (4.1.8) lib/rails/rack/logger.rb:38:in `call_app'
  railties (4.1.8) lib/rails/rack/logger.rb:20:in `block in call'
  activesupport (4.1.8) lib/active_support/tagged_logging.rb:68:in `block in tagged'
  activesupport (4.1.8) lib/active_support/tagged_logging.rb:26:in `tagged'
  activesupport (4.1.8) lib/active_support/tagged_logging.rb:68:in `tagged'
  railties (4.1.8) lib/rails/rack/logger.rb:20:in `call'
  quiet_assets (1.1.0) lib/quiet_assets.rb:27:in `call_with_quiet_assets'
  actionpack (4.1.8) lib/action_dispatch/middleware/request_id.rb:21:in `call'
  rack (1.5.2) lib/rack/methodoverride.rb:21:in `call'
  rack (1.5.2) lib/rack/runtime.rb:17:in `call'
  activesupport (4.1.8) lib/active_support/cache/strategy/local_cache_middleware.rb:26:in `call'
  rack (1.5.2) lib/rack/lock.rb:17:in `call'
  actionpack (4.1.8) lib/action_dispatch/middleware/static.rb:84:in `call'
  rack (1.5.2) lib/rack/sendfile.rb:112:in `call'
  railties (4.1.8) lib/rails/engine.rb:514:in `call'
  railties (4.1.8) lib/rails/application.rb:144:in `call'
  rack (1.5.2) lib/rack/lock.rb:17:in `call'
  rack (1.5.2) lib/rack/content_length.rb:14:in `call'
  rack (1.5.2) lib/rack/handler/webrick.rb:60:in `service'
  /usr/local/lib/ruby/2.1.0/webrick/httpserver.rb:138:in `service'
  /usr/local/lib/ruby/2.1.0/webrick/httpserver.rb:94:in `run'
  /usr/local/lib/ruby/2.1.0/webrick/server.rb:295:in `block in start_thread'




Started GET "/" for 127.0.0.1 at 2015-01-22 21:32:34 +0530
Processing by ProductsController#index as HTML
  [1m[35mProduct Load (0.6ms)[0m  SELECT "products".* FROM "products"
  Rendered products/index.html.erb within layouts/application (11.3ms)
Completed 200 OK in 81ms (Views: 79.1ms | ActiveRecord: 0.6ms)

ActionController::RoutingError (No route matches [GET] "/assets/video.mp4"):
  actionpack (4.1.8) lib/action_dispatch/middleware/debug_exceptions.rb:21:in `call'
  actionpack (4.1.8) lib/action_dispatch/middleware/show_exceptions.rb:30:in `call'
  railties (4.1.8) lib/rails/rack/logger.rb:38:in `call_app'
  railties (4.1.8) lib/rails/rack/logger.rb:20:in `block in call'
  activesupport (4.1.8) lib/active_support/tagged_logging.rb:68:in `block in tagged'
  activesupport (4.1.8) lib/active_support/tagged_logging.rb:26:in `tagged'
  activesupport (4.1.8) lib/active_support/tagged_logging.rb:68:in `tagged'
  railties (4.1.8) lib/rails/rack/logger.rb:20:in `call'
  quiet_assets (1.1.0) lib/quiet_assets.rb:27:in `call_with_quiet_assets'
  actionpack (4.1.8) lib/action_dispatch/middleware/request_id.rb:21:in `call'
  rack (1.5.2) lib/rack/methodoverride.rb:21:in `call'
  rack (1.5.2) lib/rack/runtime.rb:17:in `call'
  activesupport (4.1.8) lib/active_support/cache/strategy/local_cache_middleware.rb:26:in `call'
  rack (1.5.2) lib/rack/lock.rb:17:in `call'
  actionpack (4.1.8) lib/action_dispatch/middleware/static.rb:84:in `call'
  rack (1.5.2) lib/rack/sendfile.rb:112:in `call'
  railties (4.1.8) lib/rails/engine.rb:514:in `call'
  railties (4.1.8) lib/rails/application.rb:144:in `call'
  rack (1.5.2) lib/rack/lock.rb:17:in `call'
  rack (1.5.2) lib/rack/content_length.rb:14:in `call'
  rack (1.5.2) lib/rack/handler/webrick.rb:60:in `service'
  /usr/local/lib/ruby/2.1.0/webrick/httpserver.rb:138:in `service'
  /usr/local/lib/ruby/2.1.0/webrick/httpserver.rb:94:in `run'
  /usr/local/lib/ruby/2.1.0/webrick/server.rb:295:in `block in start_thread'




Started GET "/" for 127.0.0.1 at 2015-01-22 21:33:23 +0530
  [1m[36mActiveRecord::SchemaMigration Load (0.6ms)[0m  [1mSELECT "schema_migrations".* FROM "schema_migrations"[0m
Processing by ProductsController#index as HTML
  [1m[35mProduct Load (0.8ms)[0m  SELECT "products".* FROM "products"
  Rendered products/index.html.erb within layouts/application (22.6ms)
Completed 200 OK in 143ms (Views: 127.9ms | ActiveRecord: 4.8ms)


Started GET "/" for 127.0.0.1 at 2015-01-22 21:36:08 +0530
Processing by ProductsController#index as HTML
  [1m[36mProduct Load (0.6ms)[0m  [1mSELECT "products".* FROM "products"[0m
  Rendered products/index.html.erb within layouts/application (11.0ms)
Completed 200 OK in 73ms (Views: 72.0ms | ActiveRecord: 0.6ms)


Started GET "/" for 127.0.0.1 at 2015-01-22 21:36:28 +0530
Processing by ProductsController#index as HTML
  [1m[35mProduct Load (0.4ms)[0m  SELECT "products".* FROM "products"
  Rendered products/index.html.erb within layouts/application (8.9ms)
Completed 200 OK in 72ms (Views: 71.2ms | ActiveRecord: 0.4ms)


Started GET "/" for 127.0.0.1 at 2015-01-22 21:42:43 +0530
Processing by ProductsController#index as HTML
  [1m[36mProduct Load (0.4ms)[0m  [1mSELECT "products".* FROM "products"[0m
  Rendered products/index.html.erb within layouts/application (10.6ms)
Completed 200 OK in 78ms (Views: 76.4ms | ActiveRecord: 0.4ms)


Started GET "/video.mp4" for 127.0.0.1 at 2015-01-22 21:42:47 +0530

ActionController::RoutingError (No route matches [GET] "/video.mp4"):
  actionpack (4.1.8) lib/action_dispatch/middleware/debug_exceptions.rb:21:in `call'
  actionpack (4.1.8) lib/action_dispatch/middleware/show_exceptions.rb:30:in `call'
  railties (4.1.8) lib/rails/rack/logger.rb:38:in `call_app'
  railties (4.1.8) lib/rails/rack/logger.rb:20:in `block in call'
  activesupport (4.1.8) lib/active_support/tagged_logging.rb:68:in `block in tagged'
  activesupport (4.1.8) lib/active_support/tagged_logging.rb:26:in `tagged'
  activesupport (4.1.8) lib/active_support/tagged_logging.rb:68:in `tagged'
  railties (4.1.8) lib/rails/rack/logger.rb:20:in `call'
  quiet_assets (1.1.0) lib/quiet_assets.rb:27:in `call_with_quiet_assets'
  actionpack (4.1.8) lib/action_dispatch/middleware/request_id.rb:21:in `call'
  rack (1.5.2) lib/rack/methodoverride.rb:21:in `call'
  rack (1.5.2) lib/rack/runtime.rb:17:in `call'
  activesupport (4.1.8) lib/active_support/cache/strategy/local_cache_middleware.rb:26:in `call'
  rack (1.5.2) lib/rack/lock.rb:17:in `call'
  actionpack (4.1.8) lib/action_dispatch/middleware/static.rb:84:in `call'
  rack (1.5.2) lib/rack/sendfile.rb:112:in `call'
  railties (4.1.8) lib/rails/engine.rb:514:in `call'
  railties (4.1.8) lib/rails/application.rb:144:in `call'
  rack (1.5.2) lib/rack/lock.rb:17:in `call'
  rack (1.5.2) lib/rack/content_length.rb:14:in `call'
  rack (1.5.2) lib/rack/handler/webrick.rb:60:in `service'
  /usr/local/lib/ruby/2.1.0/webrick/httpserver.rb:138:in `service'
  /usr/local/lib/ruby/2.1.0/webrick/httpserver.rb:94:in `run'
  /usr/local/lib/ruby/2.1.0/webrick/server.rb:295:in `block in start_thread'


  Rendered /usr/local/lib/ruby/gems/2.1.0/gems/actionpack-4.1.8/lib/action_dispatch/middleware/templates/rescues/_trace.html.erb (1.3ms)
  Rendered /usr/local/lib/ruby/gems/2.1.0/gems/actionpack-4.1.8/lib/action_dispatch/middleware/templates/routes/_route.html.erb (1.3ms)
  Rendered /usr/local/lib/ruby/gems/2.1.0/gems/actionpack-4.1.8/lib/action_dispatch/middleware/templates/routes/_table.html.erb (5.1ms)
  Rendered /usr/local/lib/ruby/gems/2.1.0/gems/actionpack-4.1.8/lib/action_dispatch/middleware/templates/rescues/routing_error.html.erb within rescues/layout (25.0ms)


Started GET "/" for 127.0.0.1 at 2015-01-22 21:42:48 +0530
Processing by ProductsController#index as HTML
  [1m[35mProduct Load (0.5ms)[0m  SELECT "products".* FROM "products"
  Rendered products/index.html.erb within layouts/application (38.1ms)
Completed 200 OK in 104ms (Views: 102.5ms | ActiveRecord: 0.5ms)


Started GET "/" for 127.0.0.1 at 2015-01-22 21:43:07 +0530
Processing by ProductsController#index as HTML
  [1m[36mProduct Load (0.6ms)[0m  [1mSELECT "products".* FROM "products"[0m
  Rendered products/index.html.erb within layouts/application (11.6ms)
Completed 200 OK in 85ms (Views: 83.6ms | ActiveRecord: 0.6ms)


Started GET "/" for 127.0.0.1 at 2015-01-22 21:45:13 +0530
Processing by ProductsController#index as HTML
  [1m[35mProduct Load (0.5ms)[0m  SELECT "products".* FROM "products"
  Rendered products/index.html.erb within layouts/application (9.3ms)
Completed 200 OK in 74ms (Views: 72.3ms | ActiveRecord: 0.5ms)


Started GET "/" for 127.0.0.1 at 2015-01-22 21:46:18 +0530
Processing by ProductsController#index as HTML
  [1m[36mProduct Load (0.5ms)[0m  [1mSELECT "products".* FROM "products"[0m
  Rendered products/index.html.erb within layouts/application (8.9ms)
Completed 200 OK in 72ms (Views: 70.3ms | ActiveRecord: 0.5ms)


Started GET "/" for 127.0.0.1 at 2015-01-22 21:49:02 +0530
Processing by ProductsController#index as HTML
  [1m[35mProduct Load (0.5ms)[0m  SELECT "products".* FROM "products"
  Rendered products/index.html.erb within layouts/application (7.7ms)
Completed 200 OK in 92ms (Views: 91.1ms | ActiveRecord: 0.5ms)


Started GET "/" for 127.0.0.1 at 2015-01-22 21:49:16 +0530
Processing by ProductsController#index as HTML
  [1m[36mProduct Load (0.4ms)[0m  [1mSELECT "products".* FROM "products"[0m
  Rendered products/index.html.erb within layouts/application (7.6ms)
Completed 200 OK in 72ms (Views: 71.4ms | ActiveRecord: 0.4ms)


Started GET "/" for 127.0.0.1 at 2015-01-22 21:49:48 +0530
Processing by ProductsController#index as HTML
  [1m[35mProduct Load (0.5ms)[0m  SELECT "products".* FROM "products"
  Rendered products/index.html.erb within layouts/application (6.8ms)
Completed 200 OK in 100ms (Views: 99.0ms | ActiveRecord: 0.5ms)


Started GET "/" for 127.0.0.1 at 2015-01-22 21:49:54 +0530
Processing by ProductsController#index as HTML
  [1m[36mProduct Load (0.3ms)[0m  [1mSELECT "products".* FROM "products"[0m
  Rendered products/index.html.erb within layouts/application (8.0ms)
Completed 200 OK in 79ms (Views: 77.5ms | ActiveRecord: 0.3ms)


Started GET "/" for 127.0.0.1 at 2015-01-22 21:49:59 +0530
Processing by ProductsController#index as HTML
  [1m[35mProduct Load (0.3ms)[0m  SELECT "products".* FROM "products"
  Rendered products/index.html.erb within layouts/application (10.9ms)
Completed 200 OK in 90ms (Views: 88.1ms | ActiveRecord: 0.3ms)


Started GET "/" for 127.0.0.1 at 2015-01-22 21:54:34 +0530
Processing by ProductsController#index as HTML
  [1m[36mProduct Load (0.4ms)[0m  [1mSELECT "products".* FROM "products"[0m
  Rendered products/index.html.erb within layouts/application (8.1ms)
Completed 200 OK in 72ms (Views: 70.6ms | ActiveRecord: 0.4ms)


Started GET "/" for 127.0.0.1 at 2015-01-22 21:54:42 +0530
Processing by ProductsController#index as HTML
  [1m[35mProduct Load (0.4ms)[0m  SELECT "products".* FROM "products"
  Rendered products/index.html.erb within layouts/application (8.5ms)
Completed 200 OK in 80ms (Views: 78.9ms | ActiveRecord: 0.4ms)


Started GET "/" for 127.0.0.1 at 2015-01-22 21:57:26 +0530
Processing by ProductsController#index as HTML
  [1m[36mProduct Load (0.4ms)[0m  [1mSELECT "products".* FROM "products"[0m
  Rendered products/index.html.erb within layouts/application (13.6ms)
Completed 200 OK in 82ms (Views: 80.5ms | ActiveRecord: 0.4ms)
